{"/home/ujjwal/Desktop/mydata/projects/CCRNTestApp1/App.tsx": {"path":"/home/ujjwal/Desktop/mydata/projects/CCRNTestApp1/App.tsx","statementMap":{"0":{"start":{"line":17,"column":12},"end":{"line":29,"column":1}},"1":{"start":{"line":19,"column":16},"end":{"line":19,"column":38}},"2":{"start":{"line":21,"column":2},"end":{"line":28,"column":4}}},"fnMap":{"0":{"name":"(anonymous_0)","decl":{"start":{"line":17,"column":12},"end":{"line":17,"column":13}},"loc":{"start":{"line":17,"column":18},"end":{"line":29,"column":1}},"line":17}},"branchMap":{},"s":{"0":1,"1":1,"2":1},"f":{"0":1},"b":{},"_coverageSchema":"1a1c01bbd47fc00a2c39e90264f33305004495a9","hash":"a5712a987609635fe5b8f0538c1cce8910b2ff76"}
,"/home/ujjwal/Desktop/mydata/projects/CCRNTestApp1/src/apis/locationApi.ts": {"path":"/home/ujjwal/Desktop/mydata/projects/CCRNTestApp1/src/apis/locationApi.ts","statementMap":{"0":{"start":{"line":6,"column":30},"end":{"line":23,"column":1}},"1":{"start":{"line":7,"column":2},"end":{"line":22,"column":5}},"2":{"start":{"line":8,"column":4},"end":{"line":21,"column":6}},"3":{"start":{"line":10,"column":43},"end":{"line":13,"column":9}},"4":{"start":{"line":14,"column":8},"end":{"line":14,"column":29}},"5":{"start":{"line":17,"column":8},"end":{"line":17,"column":47}},"6":{"start":{"line":18,"column":8},"end":{"line":18,"column":40}},"7":{"start":{"line":25,"column":30},"end":{"line":33,"column":1}},"8":{"start":{"line":30,"column":2},"end":{"line":32,"column":4}},"9":{"start":{"line":35,"column":37},"end":{"line":47,"column":1}},"10":{"start":{"line":36,"column":18},"end":{"line":38,"column":3}},"11":{"start":{"line":39,"column":2},"end":{"line":46,"column":4}},"12":{"start":{"line":40,"column":6},"end":{"line":45,"column":7}},"13":{"start":{"line":41,"column":8},"end":{"line":41,"column":36}},"14":{"start":{"line":43,"column":8},"end":{"line":43,"column":39}}},"fnMap":{"0":{"name":"(anonymous_0)","decl":{"start":{"line":6,"column":30},"end":{"line":6,"column":31}},"loc":{"start":{"line":6,"column":63},"end":{"line":23,"column":1}},"line":6},"1":{"name":"(anonymous_1)","decl":{"start":{"line":7,"column":21},"end":{"line":7,"column":22}},"loc":{"start":{"line":7,"column":42},"end":{"line":22,"column":3}},"line":7},"2":{"name":"(anonymous_2)","decl":{"start":{"line":9,"column":6},"end":{"line":9,"column":7}},"loc":{"start":{"line":9,"column":26},"end":{"line":15,"column":7}},"line":9},"3":{"name":"(anonymous_3)","decl":{"start":{"line":16,"column":6},"end":{"line":16,"column":7}},"loc":{"start":{"line":16,"column":15},"end":{"line":19,"column":7}},"line":16},"4":{"name":"(anonymous_4)","decl":{"start":{"line":25,"column":30},"end":{"line":25,"column":31}},"loc":{"start":{"line":29,"column":23},"end":{"line":33,"column":1}},"line":29},"5":{"name":"(anonymous_5)","decl":{"start":{"line":35,"column":37},"end":{"line":35,"column":38}},"loc":{"start":{"line":35,"column":49},"end":{"line":47,"column":1}},"line":35},"6":{"name":"(anonymous_6)","decl":{"start":{"line":39,"column":21},"end":{"line":39,"column":22}},"loc":{"start":{"line":39,"column":42},"end":{"line":46,"column":3}},"line":39}},"branchMap":{"0":{"loc":{"start":{"line":40,"column":6},"end":{"line":45,"column":7}},"type":"if","locations":[{"start":{"line":40,"column":6},"end":{"line":45,"column":7}},{"start":{"line":42,"column":13},"end":{"line":45,"column":7}}],"line":40}},"s":{"0":3,"1":0,"2":0,"3":0,"4":0,"5":0,"6":0,"7":3,"8":0,"9":3,"10":1,"11":1,"12":1,"13":0,"14":1},"f":{"0":0,"1":0,"2":0,"3":0,"4":0,"5":1,"6":1},"b":{"0":[0,1]},"_coverageSchema":"1a1c01bbd47fc00a2c39e90264f33305004495a9","hash":"26f3ffb062aa7b2042e1933b93cbcc3ec9a98a25"}
,"/home/ujjwal/Desktop/mydata/projects/CCRNTestApp1/src/components/AllClear/index.tsx": {"path":"/home/ujjwal/Desktop/mydata/projects/CCRNTestApp1/src/components/AllClear/index.tsx","statementMap":{"0":{"start":{"line":9,"column":19},"end":{"line":9,"column":32}},"1":{"start":{"line":11,"column":19},"end":{"line":13,"column":3}},"2":{"start":{"line":12,"column":4},"end":{"line":12,"column":25}},"3":{"start":{"line":15,"column":2},"end":{"line":19,"column":3}},"4":{"start":{"line":17,"column":80},"end":{"line":17,"column":90}}},"fnMap":{"0":{"name":"AllClear","decl":{"start":{"line":7,"column":24},"end":{"line":7,"column":32}},"loc":{"start":{"line":7,"column":35},"end":{"line":20,"column":1}},"line":7},"1":{"name":"(anonymous_1)","decl":{"start":{"line":11,"column":19},"end":{"line":11,"column":20}},"loc":{"start":{"line":11,"column":25},"end":{"line":13,"column":3}},"line":11},"2":{"name":"(anonymous_2)","decl":{"start":{"line":17,"column":74},"end":{"line":17,"column":75}},"loc":{"start":{"line":17,"column":80},"end":{"line":17,"column":90}},"line":17}},"branchMap":{},"s":{"0":2,"1":2,"2":1,"3":2,"4":1},"f":{"0":2,"1":1,"2":1},"b":{},"_coverageSchema":"1a1c01bbd47fc00a2c39e90264f33305004495a9","hash":"f94ea5b0739486651f585e204c31beb2325bf868"}
,"/home/ujjwal/Desktop/mydata/projects/CCRNTestApp1/src/components/CurrentLocation/index.tsx": {"path":"/home/ujjwal/Desktop/mydata/projects/CCRNTestApp1/src/components/CurrentLocation/index.tsx","statementMap":{"0":{"start":{"line":9,"column":15},"end":{"line":9,"column":58}},"1":{"start":{"line":9,"column":52},"end":{"line":9,"column":57}},"2":{"start":{"line":11,"column":2},"end":{"line":46,"column":3}}},"fnMap":{"0":{"name":"CurrentLocation","decl":{"start":{"line":7,"column":24},"end":{"line":7,"column":39}},"loc":{"start":{"line":7,"column":42},"end":{"line":47,"column":1}},"line":7},"1":{"name":"(anonymous_1)","decl":{"start":{"line":9,"column":27},"end":{"line":9,"column":28}},"loc":{"start":{"line":9,"column":52},"end":{"line":9,"column":57}},"line":9}},"branchMap":{"0":{"loc":{"start":{"line":23,"column":8},"end":{"line":42,"column":15}},"type":"cond-expr","locations":[{"start":{"line":27,"column":8},"end":{"line":31,"column":15}},{"start":{"line":35,"column":8},"end":{"line":42,"column":15}}],"line":23}},"s":{"0":2,"1":2,"2":2},"f":{"0":2,"1":2},"b":{"0":[1,1]},"_coverageSchema":"1a1c01bbd47fc00a2c39e90264f33305004495a9","hash":"82d65797956adde214a135e5d237bc0dbd97e2ff"}
,"/home/ujjwal/Desktop/mydata/projects/CCRNTestApp1/src/components/Map/index.tsx": {"path":"/home/ujjwal/Desktop/mydata/projects/CCRNTestApp1/src/components/Map/index.tsx","statementMap":{"0":{"start":{"line":6,"column":2},"end":{"line":12,"column":3}}},"fnMap":{"0":{"name":"Map","decl":{"start":{"line":5,"column":24},"end":{"line":5,"column":27}},"loc":{"start":{"line":5,"column":30},"end":{"line":13,"column":1}},"line":5}},"branchMap":{},"s":{"0":1},"f":{"0":1},"b":{},"_coverageSchema":"1a1c01bbd47fc00a2c39e90264f33305004495a9","hash":"46fa3868b3c4b1e0b5b857eeb8379543ff729fcc"}
,"/home/ujjwal/Desktop/mydata/projects/CCRNTestApp1/src/components/PreviousLocationItem/index.tsx": {"path":"/home/ujjwal/Desktop/mydata/projects/CCRNTestApp1/src/components/PreviousLocationItem/index.tsx","statementMap":{"0":{"start":{"line":14,"column":19},"end":{"line":14,"column":32}},"1":{"start":{"line":16,"column":25},"end":{"line":18,"column":3}},"2":{"start":{"line":17,"column":4},"end":{"line":17,"column":54}},"3":{"start":{"line":20,"column":2},"end":{"line":38,"column":3}},"4":{"start":{"line":35,"column":66},"end":{"line":35,"column":90}}},"fnMap":{"0":{"name":"PreviousLocationItem","decl":{"start":{"line":12,"column":24},"end":{"line":12,"column":44}},"loc":{"start":{"line":12,"column":75},"end":{"line":39,"column":1}},"line":12},"1":{"name":"(anonymous_1)","decl":{"start":{"line":16,"column":25},"end":{"line":16,"column":26}},"loc":{"start":{"line":16,"column":60},"end":{"line":18,"column":3}},"line":16},"2":{"name":"(anonymous_2)","decl":{"start":{"line":35,"column":60},"end":{"line":35,"column":61}},"loc":{"start":{"line":35,"column":66},"end":{"line":35,"column":90}},"line":35}},"branchMap":{},"s":{"0":1,"1":1,"2":1,"3":1,"4":1},"f":{"0":1,"1":1,"2":1},"b":{},"_coverageSchema":"1a1c01bbd47fc00a2c39e90264f33305004495a9","hash":"df8223c6ced8d4cbfbd995ece0db959466ad9619"}
,"/home/ujjwal/Desktop/mydata/projects/CCRNTestApp1/src/components/PreviousLocations/index.tsx": {"path":"/home/ujjwal/Desktop/mydata/projects/CCRNTestApp1/src/components/PreviousLocations/index.tsx","statementMap":{"0":{"start":{"line":10,"column":12},"end":{"line":10,"column":46}},"1":{"start":{"line":18,"column":28},"end":{"line":18,"column":70}},"2":{"start":{"line":18,"column":64},"end":{"line":18,"column":69}},"3":{"start":{"line":19,"column":19},"end":{"line":19,"column":32}},"4":{"start":{"line":20,"column":19},"end":{"line":20,"column":48}},"5":{"start":{"line":22,"column":31},"end":{"line":26,"column":4}},"6":{"start":{"line":23,"column":6},"end":{"line":25,"column":7}},"7":{"start":{"line":28,"column":25},"end":{"line":42,"column":3}},"8":{"start":{"line":29,"column":46},"end":{"line":29,"column":68}},"9":{"start":{"line":30,"column":33},"end":{"line":34,"column":5}},"10":{"start":{"line":35,"column":24},"end":{"line":35,"column":72}},"11":{"start":{"line":36,"column":21},"end":{"line":36,"column":41}},"12":{"start":{"line":37,"column":15},"end":{"line":37,"column":74}},"13":{"start":{"line":39,"column":4},"end":{"line":41,"column":7}},"14":{"start":{"line":44,"column":20},"end":{"line":81,"column":3}},"15":{"start":{"line":48,"column":4},"end":{"line":80,"column":5}},"16":{"start":{"line":49,"column":33},"end":{"line":49,"column":62}},"17":{"start":{"line":51,"column":6},"end":{"line":77,"column":7}},"18":{"start":{"line":53,"column":8},"end":{"line":53,"column":51}},"19":{"start":{"line":55,"column":8},"end":{"line":55,"column":24}},"20":{"start":{"line":57,"column":8},"end":{"line":57,"column":57}},"21":{"start":{"line":59,"column":8},"end":{"line":73,"column":11}},"22":{"start":{"line":60,"column":10},"end":{"line":69,"column":11}},"23":{"start":{"line":64,"column":12},"end":{"line":64,"column":59}},"24":{"start":{"line":65,"column":12},"end":{"line":65,"column":60}},"25":{"start":{"line":68,"column":12},"end":{"line":68,"column":37}},"26":{"start":{"line":71,"column":10},"end":{"line":71,"column":42}},"27":{"start":{"line":72,"column":10},"end":{"line":72,"column":52}},"28":{"start":{"line":76,"column":8},"end":{"line":76,"column":51}},"29":{"start":{"line":79,"column":6},"end":{"line":79,"column":24}},"30":{"start":{"line":83,"column":2},"end":{"line":85,"column":9}},"31":{"start":{"line":84,"column":4},"end":{"line":84,"column":15}},"32":{"start":{"line":87,"column":2},"end":{"line":97,"column":3}}},"fnMap":{"0":{"name":"PreviousLocations","decl":{"start":{"line":16,"column":24},"end":{"line":16,"column":41}},"loc":{"start":{"line":16,"column":62},"end":{"line":98,"column":1}},"line":16},"1":{"name":"(anonymous_1)","decl":{"start":{"line":18,"column":40},"end":{"line":18,"column":41}},"loc":{"start":{"line":18,"column":64},"end":{"line":18,"column":69}},"line":18},"2":{"name":"(anonymous_2)","decl":{"start":{"line":22,"column":54},"end":{"line":22,"column":55}},"loc":{"start":{"line":22,"column":103},"end":{"line":26,"column":3}},"line":22},"3":{"name":"(anonymous_3)","decl":{"start":{"line":28,"column":25},"end":{"line":28,"column":26}},"loc":{"start":{"line":28,"column":37},"end":{"line":42,"column":3}},"line":28},"4":{"name":"(anonymous_4)","decl":{"start":{"line":44,"column":20},"end":{"line":44,"column":21}},"loc":{"start":{"line":44,"column":32},"end":{"line":81,"column":3}},"line":44},"5":{"name":"(anonymous_5)","decl":{"start":{"line":59,"column":44},"end":{"line":59,"column":45}},"loc":{"start":{"line":59,"column":60},"end":{"line":73,"column":9}},"line":59},"6":{"name":"(anonymous_6)","decl":{"start":{"line":83,"column":12},"end":{"line":83,"column":13}},"loc":{"start":{"line":83,"column":18},"end":{"line":85,"column":3}},"line":83}},"branchMap":{"0":{"loc":{"start":{"line":51,"column":6},"end":{"line":77,"column":7}},"type":"if","locations":[{"start":{"line":51,"column":6},"end":{"line":77,"column":7}},{"start":{"line":75,"column":13},"end":{"line":77,"column":7}}],"line":51},"1":{"loc":{"start":{"line":60,"column":10},"end":{"line":69,"column":11}},"type":"if","locations":[{"start":{"line":60,"column":10},"end":{"line":69,"column":11}},{"start":{"line":67,"column":14},"end":{"line":69,"column":11}}],"line":60},"2":{"loc":{"start":{"line":61,"column":12},"end":{"line":62,"column":37}},"type":"binary-expr","locations":[{"start":{"line":61,"column":12},"end":{"line":61,"column":57}},{"start":{"line":62,"column":12},"end":{"line":62,"column":37}}],"line":61}},"s":{"0":2,"1":1,"2":1,"3":1,"4":1,"5":1,"6":0,"7":1,"8":0,"9":0,"10":0,"11":0,"12":0,"13":0,"14":1,"15":0,"16":0,"17":0,"18":0,"19":0,"20":0,"21":0,"22":0,"23":0,"24":0,"25":0,"26":0,"27":0,"28":0,"29":0,"30":1,"31":0,"32":1},"f":{"0":1,"1":1,"2":0,"3":0,"4":0,"5":0,"6":0},"b":{"0":[0,0],"1":[0,0],"2":[0,0]},"_coverageSchema":"1a1c01bbd47fc00a2c39e90264f33305004495a9","hash":"58694d4a0e6c4917be6ab40273a8948227850a51"}
,"/home/ujjwal/Desktop/mydata/projects/CCRNTestApp1/src/navigation/index.tsx": {"path":"/home/ujjwal/Desktop/mydata/projects/CCRNTestApp1/src/navigation/index.tsx","statementMap":{"0":{"start":{"line":7,"column":23},"end":{"line":7,"column":38}},"1":{"start":{"line":8,"column":2},"end":{"line":23,"column":4}},"2":{"start":{"line":11,"column":23},"end":{"line":11,"column":58}},"3":{"start":{"line":17,"column":23},"end":{"line":17,"column":53}}},"fnMap":{"0":{"name":"Navigator","decl":{"start":{"line":6,"column":24},"end":{"line":6,"column":33}},"loc":{"start":{"line":6,"column":36},"end":{"line":24,"column":1}},"line":6},"1":{"name":"(anonymous_1)","decl":{"start":{"line":11,"column":17},"end":{"line":11,"column":18}},"loc":{"start":{"line":11,"column":23},"end":{"line":11,"column":58}},"line":11},"2":{"name":"(anonymous_2)","decl":{"start":{"line":17,"column":17},"end":{"line":17,"column":18}},"loc":{"start":{"line":17,"column":23},"end":{"line":17,"column":53}},"line":17}},"branchMap":{},"s":{"0":1,"1":1,"2":0,"3":0},"f":{"0":1,"1":0,"2":0},"b":{},"_coverageSchema":"1a1c01bbd47fc00a2c39e90264f33305004495a9","hash":"78e2c11b62413413a6b333e07db85961a87f5c7f"}
,"/home/ujjwal/Desktop/mydata/projects/CCRNTestApp1/src/redux/actions.ts": {"path":"/home/ujjwal/Desktop/mydata/projects/CCRNTestApp1/src/redux/actions.ts","statementMap":{"0":{"start":{"line":1,"column":28},"end":{"line":6,"column":1}},"1":{"start":{"line":2,"column":4},"end":{"line":5,"column":5}},"2":{"start":{"line":8,"column":31},"end":{"line":13,"column":1}},"3":{"start":{"line":9,"column":4},"end":{"line":12,"column":5}},"4":{"start":{"line":15,"column":25},"end":{"line":19,"column":1}},"5":{"start":{"line":16,"column":4},"end":{"line":18,"column":5}},"6":{"start":{"line":21,"column":29},"end":{"line":25,"column":1}},"7":{"start":{"line":22,"column":4},"end":{"line":24,"column":5}}},"fnMap":{"0":{"name":"(anonymous_0)","decl":{"start":{"line":1,"column":28},"end":{"line":1,"column":29}},"loc":{"start":{"line":1,"column":49},"end":{"line":6,"column":1}},"line":1},"1":{"name":"(anonymous_1)","decl":{"start":{"line":8,"column":31},"end":{"line":8,"column":32}},"loc":{"start":{"line":8,"column":51},"end":{"line":13,"column":1}},"line":8},"2":{"name":"(anonymous_2)","decl":{"start":{"line":15,"column":25},"end":{"line":15,"column":26}},"loc":{"start":{"line":15,"column":31},"end":{"line":19,"column":1}},"line":15},"3":{"name":"(anonymous_3)","decl":{"start":{"line":21,"column":29},"end":{"line":21,"column":30}},"loc":{"start":{"line":21,"column":35},"end":{"line":25,"column":1}},"line":21}},"branchMap":{},"s":{"0":4,"1":0,"2":4,"3":2,"4":4,"5":2,"6":4,"7":0},"f":{"0":0,"1":2,"2":2,"3":0},"b":{},"_coverageSchema":"1a1c01bbd47fc00a2c39e90264f33305004495a9","hash":"037b2514e55ddc16a9e55f93ca964aaa0ba34786"}
,"/home/ujjwal/Desktop/mydata/projects/CCRNTestApp1/src/screens/LocationList/index.tsx": {"path":"/home/ujjwal/Desktop/mydata/projects/CCRNTestApp1/src/screens/LocationList/index.tsx","statementMap":{"0":{"start":{"line":9,"column":2},"end":{"line":20,"column":3}}},"fnMap":{"0":{"name":"LocationList","decl":{"start":{"line":8,"column":24},"end":{"line":8,"column":36}},"loc":{"start":{"line":8,"column":39},"end":{"line":21,"column":1}},"line":8}},"branchMap":{},"s":{"0":1},"f":{"0":1},"b":{},"_coverageSchema":"1a1c01bbd47fc00a2c39e90264f33305004495a9","hash":"71991919494608ba70dbbc1effe210619fcdfecd"}
,"/home/ujjwal/Desktop/mydata/projects/CCRNTestApp1/src/screens/MapView/index.tsx": {"path":"/home/ujjwal/Desktop/mydata/projects/CCRNTestApp1/src/screens/MapView/index.tsx","statementMap":{"0":{"start":{"line":7,"column":2},"end":{"line":12,"column":3}}},"fnMap":{"0":{"name":"MapView","decl":{"start":{"line":6,"column":24},"end":{"line":6,"column":31}},"loc":{"start":{"line":6,"column":34},"end":{"line":13,"column":1}},"line":6}},"branchMap":{},"s":{"0":1},"f":{"0":1},"b":{},"_coverageSchema":"1a1c01bbd47fc00a2c39e90264f33305004495a9","hash":"e0e56143e6ea632cb091dc3cb5d0ef3844cfccf1"}
,"/home/ujjwal/Desktop/mydata/projects/CCRNTestApp1/src/styles/index.js": {"path":"/home/ujjwal/Desktop/mydata/projects/CCRNTestApp1/src/styles/index.js","statementMap":{"0":{"start":{"line":3,"column":34},"end":{"line":14,"column":4}},"1":{"start":{"line":16,"column":31},"end":{"line":33,"column":2}},"2":{"start":{"line":35,"column":37},"end":{"line":58,"column":2}},"3":{"start":{"line":60,"column":38},"end":{"line":63,"column":2}},"4":{"start":{"line":65,"column":42},"end":{"line":76,"column":2}},"5":{"start":{"line":78,"column":32},"end":{"line":88,"column":2}},"6":{"start":{"line":90,"column":30},"end":{"line":97,"column":2}}},"fnMap":{},"branchMap":{},"s":{"0":5,"1":5,"2":5,"3":5,"4":5,"5":5,"6":5},"f":{},"b":{},"_coverageSchema":"1a1c01bbd47fc00a2c39e90264f33305004495a9","hash":"debff9f1494a051e7e7acd3aa6ef3fc896efe975"}
}
