TN:
SF:App.tsx
FN:17,(anonymous_0)
FNF:1
FNH:1
FNDA:1,(anonymous_0)
DA:17,1
DA:19,1
DA:21,1
LF:3
LH:3
BRF:0
BRH:0
end_of_record
TN:
SF:src/apis/locationApi.ts
FN:6,(anonymous_0)
FN:7,(anonymous_1)
FN:9,(anonymous_2)
FN:16,(anonymous_3)
FN:25,(anonymous_4)
FN:35,(anonymous_5)
FN:39,(anonymous_6)
FNF:7
FNH:2
FNDA:0,(anonymous_0)
FNDA:0,(anonymous_1)
FNDA:0,(anonymous_2)
FNDA:0,(anonymous_3)
FNDA:0,(anonymous_4)
FNDA:1,(anonymous_5)
FNDA:1,(anonymous_6)
DA:6,3
DA:7,0
DA:8,0
DA:10,0
DA:14,0
DA:17,0
DA:18,0
DA:25,3
DA:30,0
DA:35,3
DA:36,1
DA:39,1
DA:40,1
DA:41,0
DA:43,1
LF:15
LH:7
BRDA:40,0,0,0
BRDA:40,0,1,1
BRF:2
BRH:1
end_of_record
TN:
SF:src/components/AllClear/index.tsx
FN:7,AllClear
FN:11,(anonymous_1)
FN:17,(anonymous_2)
FNF:3
FNH:3
FNDA:2,AllClear
FNDA:1,(anonymous_1)
FNDA:1,(anonymous_2)
DA:9,2
DA:11,2
DA:12,1
DA:15,2
DA:17,1
LF:5
LH:5
BRF:0
BRH:0
end_of_record
TN:
SF:src/components/CurrentLocation/index.tsx
FN:7,CurrentLocation
FN:9,(anonymous_1)
FNF:2
FNH:2
FNDA:2,CurrentLocation
FNDA:2,(anonymous_1)
DA:9,2
DA:11,2
LF:2
LH:2
BRDA:23,0,0,1
BRDA:23,0,1,1
BRF:2
BRH:2
end_of_record
TN:
SF:src/components/Map/index.tsx
FN:5,Map
FNF:1
FNH:1
FNDA:1,Map
DA:6,1
LF:1
LH:1
BRF:0
BRH:0
end_of_record
TN:
SF:src/components/PreviousLocationItem/index.tsx
FN:12,PreviousLocationItem
FN:16,(anonymous_1)
FN:35,(anonymous_2)
FNF:3
FNH:3
FNDA:1,PreviousLocationItem
FNDA:1,(anonymous_1)
FNDA:1,(anonymous_2)
DA:14,1
DA:16,1
DA:17,1
DA:20,1
DA:35,1
LF:5
LH:5
BRF:0
BRH:0
end_of_record
TN:
SF:src/components/PreviousLocations/index.tsx
FN:16,PreviousLocations
FN:18,(anonymous_1)
FN:22,(anonymous_2)
FN:28,(anonymous_3)
FN:44,(anonymous_4)
FN:59,(anonymous_5)
FN:83,(anonymous_6)
FNF:7
FNH:2
FNDA:1,PreviousLocations
FNDA:1,(anonymous_1)
FNDA:0,(anonymous_2)
FNDA:0,(anonymous_3)
FNDA:0,(anonymous_4)
FNDA:0,(anonymous_5)
FNDA:0,(anonymous_6)
DA:10,2
DA:18,1
DA:19,1
DA:20,1
DA:22,1
DA:23,0
DA:28,1
DA:29,0
DA:30,0
DA:35,0
DA:36,0
DA:37,0
DA:39,0
DA:44,1
DA:48,0
DA:49,0
DA:51,0
DA:53,0
DA:55,0
DA:57,0
DA:59,0
DA:60,0
DA:64,0
DA:65,0
DA:68,0
DA:71,0
DA:72,0
DA:76,0
DA:79,0
DA:83,1
DA:84,0
DA:87,1
LF:32
LH:9
BRDA:51,0,0,0
BRDA:51,0,1,0
BRDA:60,1,0,0
BRDA:60,1,1,0
BRDA:61,2,0,0
BRDA:61,2,1,0
BRF:6
BRH:0
end_of_record
TN:
SF:src/navigation/index.tsx
FN:6,Navigator
FN:11,(anonymous_1)
FN:17,(anonymous_2)
FNF:3
FNH:1
FNDA:1,Navigator
FNDA:0,(anonymous_1)
FNDA:0,(anonymous_2)
DA:7,1
DA:8,1
DA:11,0
DA:17,0
LF:4
LH:2
BRF:0
BRH:0
end_of_record
TN:
SF:src/redux/actions.ts
FN:1,(anonymous_0)
FN:8,(anonymous_1)
FN:15,(anonymous_2)
FN:21,(anonymous_3)
FNF:4
FNH:2
FNDA:0,(anonymous_0)
FNDA:2,(anonymous_1)
FNDA:2,(anonymous_2)
FNDA:0,(anonymous_3)
DA:1,4
DA:2,0
DA:8,4
DA:9,2
DA:15,4
DA:16,2
DA:21,4
DA:22,0
LF:8
LH:6
BRF:0
BRH:0
end_of_record
TN:
SF:src/screens/LocationList/index.tsx
FN:8,LocationList
FNF:1
FNH:1
FNDA:1,LocationList
DA:9,1
LF:1
LH:1
BRF:0
BRH:0
end_of_record
TN:
SF:src/screens/MapView/index.tsx
FN:6,MapView
FNF:1
FNH:1
FNDA:1,MapView
DA:7,1
LF:1
LH:1
BRF:0
BRH:0
end_of_record
TN:
SF:src/styles/index.js
FNF:0
FNH:0
DA:3,5
DA:16,5
DA:35,5
DA:60,5
DA:65,5
DA:78,5
DA:90,5
LF:7
LH:7
BRF:0
BRH:0
end_of_record
